G:\DUILIB\DUILIB\DUILIB\BUILD\DEBUG\DUILIB.PCH
G:\DUILIB\DUILIB\DUILIB\BUILD\DEBUG\STDAFX.OBJ
G:\DUILIB\DUILIB\DUILIB\BUILD\DEBUG\VC110.PDB
G:\DUILIB\DUILIB\DUILIB\BUILD\DEBUG\UITABLAYOUT.OBJ
G:\DUILIB\DUILIB\DUILIB\BUILD\DEBUG\UITILELAYOUT.OBJ
G:\DUILIB\DUILIB\DUILIB\BUILD\DEBUG\UIVERTICALLAYOUT.OBJ
G:\DUILIB\DUILIB\DUILIB\BUILD\DEBUG\UIACTIVEX.OBJ
G:\DUILIB\DUILIB\DUILIB\BUILD\DEBUG\UIBUTTON.OBJ
G:\DUILIB\DUILIB\DUILIB\BUILD\DEBUG\UICHECKBOX.OBJ
G:\DUILIB\DUILIB\DUILIB\BUILD\DEBUG\UICOMBO.OBJ
G:\DUILIB\DUILIB\DUILIB\BUILD\DEBUG\UIDATETIME.OBJ
G:\DUILIB\DUILIB\DUILIB\BUILD\DEBUG\UIEDIT.OBJ
G:\DUILIB\DUILIB\DUILIB\BUILD\DEBUG\UIGIFANIM.OBJ
G:\DUILIB\DUILIB\DUILIB\BUILD\DEBUG\UILABEL.OBJ
G:\DUILIB\DUILIB\DUILIB\BUILD\DEBUG\UILIST.OBJ
G:\DUILIB\DUILIB\DUILIB\BUILD\DEBUG\UIOPTION.OBJ
G:\DUILIB\DUILIB\DUILIB\BUILD\DEBUG\UIPROGRESS.OBJ
G:\DUILIB\DUILIB\DUILIB\BUILD\DEBUG\UIRICHEDIT.OBJ
G:\DUILIB\DUILIB\DUILIB\BUILD\DEBUG\UISCROLLBAR.OBJ
G:\DUILIB\DUILIB\DUILIB\BUILD\DEBUG\UISLIDER.OBJ
G:\DUILIB\DUILIB\DUILIB\BUILD\DEBUG\UITEXT.OBJ
G:\DUILIB\DUILIB\DUILIB\BUILD\DEBUG\UITREEVIEW.OBJ
G:\DUILIB\DUILIB\DUILIB\BUILD\DEBUG\UIWEBBROWSER.OBJ
G:\DUILIB\DUILIB\DUILIB\BUILD\DEBUG\UILIB.OBJ
G:\DUILIB\DUILIB\DUILIB\BUILD\DEBUG\WINIMPLBASE.OBJ
G:\DUILIB\DUILIB\DUILIB\BUILD\DEBUG\UIDELEGATE.OBJ
G:\DUILIB\DUILIB\DUILIB\BUILD\DEBUG\UTILS.OBJ
G:\DUILIB\DUILIB\DUILIB\BUILD\DEBUG\UIBASE.OBJ
G:\DUILIB\DUILIB\DUILIB\BUILD\DEBUG\UICONTAINER.OBJ
G:\DUILIB\DUILIB\DUILIB\BUILD\DEBUG\UICONTROL.OBJ
G:\DUILIB\DUILIB\DUILIB\BUILD\DEBUG\UIDLGBUILDER.OBJ
G:\DUILIB\DUILIB\DUILIB\BUILD\DEBUG\UIMANAGER.OBJ
G:\DUILIB\DUILIB\DUILIB\BUILD\DEBUG\UIMARKUP.OBJ
G:\DUILIB\DUILIB\DUILIB\BUILD\DEBUG\UIRENDER.OBJ
G:\DUILIB\DUILIB\DUILIB\BUILD\DEBUG\UICHILDLAYOUT.OBJ
G:\DUILIB\DUILIB\DUILIB\BUILD\DEBUG\UIHORIZONTALLAYOUT.OBJ
G:\DUILIB\DUILIB\DUILIB\BUILD\DEBUG\STB_IMAGE.OBJ
G:\DUILIB\DUILIB\DUILIB\BUILD\DEBUG\XUNZIP.OBJ
G:\DUILIB\DUILIB\DUILIB\BUILD\DEBUG\DUILIB_STATIC_D.LIB
G:\duilib\duilib\DuiLib\Build\Debug\stb_image.obj
G:\duilib\duilib\DuiLib\Build\Debug\StdAfx.obj
G:\duilib\duilib\DuiLib\Build\Debug\UIActiveX.obj
G:\duilib\duilib\DuiLib\Build\Debug\UIBase.obj
G:\duilib\duilib\DuiLib\Build\Debug\UIButton.obj
G:\duilib\duilib\DuiLib\Build\Debug\UICheckBox.obj
G:\duilib\duilib\DuiLib\Build\Debug\UIChildLayout.obj
G:\duilib\duilib\DuiLib\Build\Debug\UICombo.obj
G:\duilib\duilib\DuiLib\Build\Debug\UIContainer.obj
G:\duilib\duilib\DuiLib\Build\Debug\UIControl.obj
G:\duilib\duilib\DuiLib\Build\Debug\UIDateTime.obj
G:\duilib\duilib\DuiLib\Build\Debug\UIDelegate.obj
G:\duilib\duilib\DuiLib\Build\Debug\UIDlgBuilder.obj
G:\duilib\duilib\DuiLib\Build\Debug\UIEdit.obj
G:\duilib\duilib\DuiLib\Build\Debug\UIGifAnim.obj
G:\duilib\duilib\DuiLib\Build\Debug\UIHorizontalLayout.obj
G:\duilib\duilib\DuiLib\Build\Debug\UILabel.obj
G:\duilib\duilib\DuiLib\Build\Debug\UIlib.obj
G:\duilib\duilib\DuiLib\Build\Debug\UIList.obj
G:\duilib\duilib\DuiLib\Build\Debug\UIManager.obj
G:\duilib\duilib\DuiLib\Build\Debug\UIMarkup.obj
G:\duilib\duilib\DuiLib\Build\Debug\UIOption.obj
G:\duilib\duilib\DuiLib\Build\Debug\UIProgress.obj
G:\duilib\duilib\DuiLib\Build\Debug\UIRender.obj
G:\duilib\duilib\DuiLib\Build\Debug\UIRichEdit.obj
G:\duilib\duilib\DuiLib\Build\Debug\UIScrollBar.obj
G:\duilib\duilib\DuiLib\Build\Debug\UISlider.obj
G:\duilib\duilib\DuiLib\Build\Debug\UITabLayout.obj
G:\duilib\duilib\DuiLib\Build\Debug\UIText.obj
G:\duilib\duilib\DuiLib\Build\Debug\UITileLayout.obj
G:\duilib\duilib\DuiLib\Build\Debug\UITreeView.obj
G:\duilib\duilib\DuiLib\Build\Debug\UIVerticalLayout.obj
G:\duilib\duilib\DuiLib\Build\Debug\UIWebBrowser.obj
G:\duilib\duilib\DuiLib\Build\Debug\Utils.obj
G:\duilib\duilib\DuiLib\Build\Debug\WinImplBase.obj
G:\duilib\duilib\DuiLib\Build\Debug\XUnzip.obj
G:\duilib\duilib\DuiLib\Build\Debug\cl.command.1.tlog
G:\duilib\duilib\DuiLib\Build\Debug\CL.read.1.tlog
G:\duilib\duilib\DuiLib\Build\Debug\CL.write.1.tlog
G:\duilib\duilib\DuiLib\Build\Debug\Lib-link.read.1.tlog
G:\duilib\duilib\DuiLib\Build\Debug\Lib-link.write.1.tlog
G:\duilib\duilib\DuiLib\Build\Debug\lib.command.1.tlog
G:\duilib\duilib\DuiLib\Build\Debug\DuiLib.pch
G:\duilib\duilib\DuiLib\Build\Debug\vc110.idb
G:\duilib\duilib\DuiLib\Build\Debug\vc110.pdb
